[0mGET /admin [36m304[0m 67.634 ms - -[0m
[0mGET /employee/profile/620e0284ead7a9bf30c261e9 [32m200[0m 45.149 ms - 4878[0m
[0mGET / [32m200[0m 34.164 ms - 2489[0m
[0mGET /employee/profile/620e0284ead7a9bf30c261e9 [36m304[0m 70.101 ms - -[0m
[0mGET /admin [36m304[0m 45.989 ms - -[0m
[0mGET /admin [36m304[0m 87.658 ms - -[0m
[0mGET /admin [36m304[0m 45.758 ms - -[0m
[0mGET /admin [36m304[0m 38.009 ms - -[0m
[0mGET /admin [32m200[0m 49.590 ms - 8687[0m
[0mGET /css/displayrvw.css/ [33m404[0m 14.156 ms - 158[0m
[0mGET /admin [36m304[0m 55.554 ms - -[0m
[0mGET /css/displayrvw.css/ [33m404[0m 10.938 ms - 158[0m
[0mGET /admin [36m304[0m 17.809 ms - -[0m
[0mGET /css/displayrvw.css/ [33m404[0m 8.060 ms - 158[0m
[0mGET /admin [36m304[0m 14.232 ms - -[0m
[0mGET /css/displayrvw.css/ [33m404[0m 11.892 ms - 158[0m
[0mGET /admin [36m304[0m 32.578 ms - -[0m
[0mGET /css/displayrvw.css/ [33m404[0m 8.495 ms - 158[0m
[0mGET /employee/signout [36m302[0m 19.583 ms - 46[0m
[0mGET / [32m200[0m 13.771 ms - 3152[0m
[0mGET /css/displayrvw.css/ [33m404[0m 20.994 ms - 158[0m
